<?xml version="1.0" encoding="UTF-8"?>
<coverage generated="1592976168902" clover="3.2.0">
  <project timestamp="1592976168902" name="All files">
    <metrics statements="30" coveredstatements="23" conditionals="14" coveredconditionals="6" methods="5" coveredmethods="5" elements="49" coveredelements="34" complexity="0" loc="30" ncloc="30" packages="1" files="1" classes="1"/>
    <file name="hashtable2.js" path="/Users/zillow/Desktop/401Labs/lab25/hashtable2.js">
      <metrics statements="30" coveredstatements="23" conditionals="14" coveredconditionals="6" methods="5" coveredmethods="5"/>
      <line num="3" count="1" type="stmt"/>
      <line num="7" count="5" type="stmt"/>
      <line num="9" count="5" type="cond" truecount="2" falsecount="0"/>
      <line num="12" count="2" type="stmt"/>
      <line num="14" count="2" type="stmt"/>
      <line num="16" count="0" type="cond" truecount="0" falsecount="2"/>
      <line num="17" count="0" type="cond" truecount="0" falsecount="2"/>
      <line num="18" count="0" type="cond" truecount="0" falsecount="2"/>
      <line num="19" count="0" type="stmt"/>
      <line num="20" count="0" type="stmt"/>
      <line num="22" count="0" type="stmt"/>
      <line num="27" count="2" type="stmt"/>
      <line num="32" count="3" type="stmt"/>
      <line num="39" count="4" type="stmt"/>
      <line num="41" count="4" type="cond" truecount="2" falsecount="0"/>
      <line num="42" count="3" type="stmt"/>
      <line num="44" count="3" type="stmt"/>
      <line num="45" count="3" type="cond" truecount="1" falsecount="1"/>
      <line num="46" count="0" type="stmt"/>
      <line num="50" count="1" type="stmt"/>
      <line num="54" count="2" type="stmt"/>
      <line num="55" count="2" type="cond" truecount="1" falsecount="1"/>
      <line num="56" count="2" type="stmt"/>
      <line num="60" count="11" type="stmt"/>
      <line num="61" count="11" type="stmt"/>
      <line num="62" count="47" type="stmt"/>
      <line num="65" count="11" type="stmt"/>
      <line num="66" count="11" type="stmt"/>
      <line num="67" count="11" type="stmt"/>
      <line num="71" count="1" type="stmt"/>
    </file>
  </project>
</coverage>
