{"/Users/zillow/Desktop/401Labs/lab25/hashtable2.js": {"path":"/Users/zillow/Desktop/401Labs/lab25/hashtable2.js","statementMap":{"0":{"start":{"line":3,"column":4},"end":{"line":3,"column":35}},"1":{"start":{"line":7,"column":18},"end":{"line":7,"column":32}},"2":{"start":{"line":9,"column":4},"end":{"line":35,"column":8}},"3":{"start":{"line":12,"column":20},"end":{"line":12,"column":37}},"4":{"start":{"line":14,"column":6},"end":{"line":23,"column":7}},"5":{"start":{"line":16,"column":8},"end":{"line":21,"column":9}},"6":{"start":{"line":17,"column":10},"end":{"line":17,"column":44}},"7":{"start":{"line":17,"column":37},"end":{"line":17,"column":44}},"8":{"start":{"line":18,"column":10},"end":{"line":19,"column":50}},"9":{"start":{"line":18,"column":34},"end":{"line":18,"column":58}},"10":{"start":{"line":19,"column":15},"end":{"line":19,"column":50}},"11":{"start":{"line":20,"column":10},"end":{"line":20,"column":17}},"12":{"start":{"line":22,"column":8},"end":{"line":22,"column":31}},"13":{"start":{"line":27,"column":6},"end":{"line":30,"column":8}},"14":{"start":{"line":32,"column":6},"end":{"line":35,"column":8}},"15":{"start":{"line":39,"column":15},"end":{"line":39,"column":29}},"16":{"start":{"line":41,"column":4},"end":{"line":48,"column":5}},"17":{"start":{"line":42,"column":20},"end":{"line":42,"column":34}},"18":{"start":{"line":44,"column":6},"end":{"line":47,"column":7}},"19":{"start":{"line":45,"column":8},"end":{"line":45,"column":52}},"20":{"start":{"line":45,"column":33},"end":{"line":45,"column":52}},"21":{"start":{"line":46,"column":8},"end":{"line":46,"column":31}},"22":{"start":{"line":50,"column":4},"end":{"line":50,"column":16}},"23":{"start":{"line":54,"column":14},"end":{"line":54,"column":27}},"24":{"start":{"line":55,"column":4},"end":{"line":56,"column":21}},"25":{"start":{"line":55,"column":14},"end":{"line":55,"column":27}},"26":{"start":{"line":56,"column":9},"end":{"line":56,"column":21}},"27":{"start":{"line":60,"column":14},"end":{"line":60,"column":15}},"28":{"start":{"line":61,"column":4},"end":{"line":63,"column":5}},"29":{"start":{"line":62,"column":6},"end":{"line":62,"column":31}},"30":{"start":{"line":65,"column":4},"end":{"line":65,"column":15}},"31":{"start":{"line":66,"column":4},"end":{"line":66,"column":27}},"32":{"start":{"line":67,"column":4},"end":{"line":67,"column":15}},"33":{"start":{"line":71,"column":0},"end":{"line":71,"column":27}}},"fnMap":{"0":{"name":"(anonymous_0)","decl":{"start":{"line":2,"column":2},"end":{"line":2,"column":3}},"loc":{"start":{"line":2,"column":24},"end":{"line":4,"column":3}},"line":2},"1":{"name":"(anonymous_1)","decl":{"start":{"line":6,"column":2},"end":{"line":6,"column":3}},"loc":{"start":{"line":6,"column":18},"end":{"line":36,"column":3}},"line":6},"2":{"name":"(anonymous_2)","decl":{"start":{"line":38,"column":2},"end":{"line":38,"column":3}},"loc":{"start":{"line":38,"column":11},"end":{"line":51,"column":3}},"line":38},"3":{"name":"(anonymous_3)","decl":{"start":{"line":53,"column":2},"end":{"line":53,"column":3}},"loc":{"start":{"line":53,"column":16},"end":{"line":57,"column":3}},"line":53},"4":{"name":"(anonymous_4)","decl":{"start":{"line":59,"column":2},"end":{"line":59,"column":3}},"loc":{"start":{"line":59,"column":12},"end":{"line":68,"column":3}},"line":59}},"branchMap":{"0":{"loc":{"start":{"line":9,"column":4},"end":{"line":35,"column":8}},"type":"if","locations":[{"start":{"line":9,"column":4},"end":{"line":35,"column":8}},{"start":{"line":9,"column":4},"end":{"line":35,"column":8}}],"line":9},"1":{"loc":{"start":{"line":16,"column":8},"end":{"line":21,"column":9}},"type":"if","locations":[{"start":{"line":16,"column":8},"end":{"line":21,"column":9}},{"start":{"line":16,"column":8},"end":{"line":21,"column":9}}],"line":16},"2":{"loc":{"start":{"line":17,"column":10},"end":{"line":17,"column":44}},"type":"if","locations":[{"start":{"line":17,"column":10},"end":{"line":17,"column":44}},{"start":{"line":17,"column":10},"end":{"line":17,"column":44}}],"line":17},"3":{"loc":{"start":{"line":18,"column":10},"end":{"line":19,"column":50}},"type":"if","locations":[{"start":{"line":18,"column":10},"end":{"line":19,"column":50}},{"start":{"line":18,"column":10},"end":{"line":19,"column":50}}],"line":18},"4":{"loc":{"start":{"line":41,"column":4},"end":{"line":48,"column":5}},"type":"if","locations":[{"start":{"line":41,"column":4},"end":{"line":48,"column":5}},{"start":{"line":41,"column":4},"end":{"line":48,"column":5}}],"line":41},"5":{"loc":{"start":{"line":45,"column":8},"end":{"line":45,"column":52}},"type":"if","locations":[{"start":{"line":45,"column":8},"end":{"line":45,"column":52}},{"start":{"line":45,"column":8},"end":{"line":45,"column":52}}],"line":45},"6":{"loc":{"start":{"line":55,"column":4},"end":{"line":56,"column":21}},"type":"if","locations":[{"start":{"line":55,"column":4},"end":{"line":56,"column":21}},{"start":{"line":55,"column":4},"end":{"line":56,"column":21}}],"line":55}},"s":{"0":1,"1":5,"2":5,"3":2,"4":2,"5":0,"6":0,"7":0,"8":0,"9":0,"10":0,"11":0,"12":0,"13":2,"14":3,"15":4,"16":4,"17":3,"18":3,"19":3,"20":3,"21":0,"22":1,"23":2,"24":2,"25":0,"26":2,"27":11,"28":11,"29":47,"30":11,"31":11,"32":11,"33":1},"f":{"0":1,"1":5,"2":4,"3":2,"4":11},"b":{"0":[2,3],"1":[0,0],"2":[0,0],"3":[0,0],"4":[3,1],"5":[3,0],"6":[0,2]},"_coverageSchema":"43e27e138ebf9cfc5966b082cf9a028302ed4184","hash":"5b050ccf25c0dfc942fceadf88981c9966bbee9c"}
}
