TN:
SF:/Users/zillow/Desktop/401Labs/lab25/hashtable2.js
FN:2,(anonymous_0)
FN:6,(anonymous_1)
FN:38,(anonymous_2)
FN:53,(anonymous_3)
FN:59,(anonymous_4)
FNF:5
FNH:5
FNDA:1,(anonymous_0)
FNDA:5,(anonymous_1)
FNDA:5,(anonymous_2)
FNDA:2,(anonymous_3)
FNDA:12,(anonymous_4)
DA:3,1
DA:7,5
DA:9,5
DA:12,2
DA:14,2
DA:16,0
DA:17,0
DA:18,0
DA:19,0
DA:20,0
DA:22,0
DA:27,2
DA:32,3
DA:39,5
DA:41,5
DA:42,4
DA:44,4
DA:45,5
DA:46,1
DA:50,1
DA:54,2
DA:55,2
DA:56,2
DA:60,12
DA:61,12
DA:62,51
DA:65,12
DA:66,12
DA:67,12
DA:71,1
LF:30
LH:24
BRDA:9,0,0,2
BRDA:9,0,1,3
BRDA:16,1,0,0
BRDA:16,1,1,0
BRDA:17,2,0,0
BRDA:17,2,1,0
BRDA:18,3,0,0
BRDA:18,3,1,0
BRDA:41,4,0,4
BRDA:41,4,1,1
BRDA:45,5,0,4
BRDA:45,5,1,1
BRDA:55,6,0,0
BRDA:55,6,1,2
BRF:14
BRH:7
end_of_record
